{"uuid":"978b678a-b388-4f02-b277-aa531a9d7a0e","historyId":"d28acdd22030c100d919fea44aba75c","fullName":"Testing Array Module: User checks invalid code in submodule \"Squares of Sorted Array\"","labels":[{"name":"host","value":"LAPTOP-RD1H74N5"},{"name":"thread","value":"41000@LAPTOP-RD1H74N5.main(1)"},{"name":"feature","value":"Testing Array Module"},{"name":"story","value":"User checks invalid code in submodule \"Squares of Sorted Array\""},{"name":"suite","value":"Testing Array Module"},{"name":"testClass","value":"User checks invalid code in submodule \"Squares of Sorted Array\""},{"name":"framework","value":"cucumber4jvm"},{"name":"language","value":"java"},{"name":"gherkin_uri","value":"file:///C:/Users/priya/eclipse-workspace/DSALGO/Dsalgo/src/test/resources/com.features/06array.feature"},{"name":"package","value":"src.test.resources.com_features.06array_feature.Testing Array Module"}],"links":[],"name":"User checks invalid code in submodule \"Squares of Sorted Array\"","status":"broken","statusDetails":{"known":false,"muted":false,"flaky":false,"message":"Unable to find element with locator By.xpath: //form[@id='answer_form']/div/div/div/textarea\nFor documentation on this error, please visit: https://www.selenium.dev/documentation/webdriver/troubleshooting/errors#no-such-element-exception\nBuild info: version: '4.10.0', revision: 'c14d967899'\nSystem info: os.name: 'Windows 11', os.arch: 'amd64', os.version: '10.0', java.version: '20.0.1'\nDriver info: driver.version: RemoteWebDriver","trace":"org.openqa.selenium.NoSuchElementException: Unable to find element with locator By.xpath: //form[@id='answer_form']/div/div/div/textarea\nFor documentation on this error, please visit: https://www.selenium.dev/documentation/webdriver/troubleshooting/errors#no-such-element-exception\nBuild info: version: '4.10.0', revision: 'c14d967899'\nSystem info: os.name: 'Windows 11', os.arch: 'amd64', os.version: '10.0', java.version: '20.0.1'\nDriver info: driver.version: RemoteWebDriver\r\n\tat org.openqa.selenium.remote.ElementLocation$ElementFinder$2.findElement(ElementLocation.java:168)\r\n\tat org.openqa.selenium.remote.ElementLocation.findElement(ElementLocation.java:59)\r\n\tat org.openqa.selenium.remote.RemoteWebDriver.findElement(RemoteWebDriver.java:350)\r\n\tat org.openqa.selenium.remote.RemoteWebDriver.findElement(RemoteWebDriver.java:344)\r\n\tat stepDefinitions.TR_PF.clear1(TR_PF.java:24)\r\n\tat stepDefinitions.ArrayPage_SD.user_sends_invalid_syntax_in_try_editor_from_excel_sheet_and(ArrayPage_SD.java:67)\r\n\tat ✽.user sends invalid syntax in try editor from excel sheet \"pythonCode\" and 1(file:///C:/Users/priya/eclipse-workspace/DSALGO/Dsalgo/src/test/resources/com.features/06array.feature:130)\r\n"},"stage":"finished","steps":[{"name":"Given  user sends invalid syntax in try editor from excel sheet \"pythonCode\" and 1","status":"broken","statusDetails":{"known":false,"muted":false,"flaky":false,"message":"Unable to find element with locator By.xpath: //form[@id='answer_form']/div/div/div/textarea\nFor documentation on this error, please visit: https://www.selenium.dev/documentation/webdriver/troubleshooting/errors#no-such-element-exception\nBuild info: version: '4.10.0', revision: 'c14d967899'\nSystem info: os.name: 'Windows 11', os.arch: 'amd64', os.version: '10.0', java.version: '20.0.1'\nDriver info: driver.version: RemoteWebDriver","trace":"org.openqa.selenium.NoSuchElementException: Unable to find element with locator By.xpath: //form[@id='answer_form']/div/div/div/textarea\nFor documentation on this error, please visit: https://www.selenium.dev/documentation/webdriver/troubleshooting/errors#no-such-element-exception\nBuild info: version: '4.10.0', revision: 'c14d967899'\nSystem info: os.name: 'Windows 11', os.arch: 'amd64', os.version: '10.0', java.version: '20.0.1'\nDriver info: driver.version: RemoteWebDriver\r\n\tat org.openqa.selenium.remote.ElementLocation$ElementFinder$2.findElement(ElementLocation.java:168)\r\n\tat org.openqa.selenium.remote.ElementLocation.findElement(ElementLocation.java:59)\r\n\tat org.openqa.selenium.remote.RemoteWebDriver.findElement(RemoteWebDriver.java:350)\r\n\tat org.openqa.selenium.remote.RemoteWebDriver.findElement(RemoteWebDriver.java:344)\r\n\tat stepDefinitions.TR_PF.clear1(TR_PF.java:24)\r\n\tat stepDefinitions.ArrayPage_SD.user_sends_invalid_syntax_in_try_editor_from_excel_sheet_and(ArrayPage_SD.java:67)\r\n\tat ✽.user sends invalid syntax in try editor from excel sheet \"pythonCode\" and 1(file:///C:/Users/priya/eclipse-workspace/DSALGO/Dsalgo/src/test/resources/com.features/06array.feature:130)\r\n"},"stage":"finished","steps":[],"attachments":[],"parameters":[],"start":1688404061487,"stop":1688404064075},{"name":"When  user clicks on run button","status":"skipped","statusDetails":{"known":false,"muted":false,"flaky":false},"stage":"finished","steps":[],"attachments":[],"parameters":[],"start":1688404064076,"stop":1688404064077},{"name":"Then  user gets the alert message and navigates back","status":"skipped","statusDetails":{"known":false,"muted":false,"flaky":false},"stage":"finished","steps":[],"attachments":[],"parameters":[],"start":1688404064077,"stop":1688404064077}],"attachments":[],"parameters":[{"name":"SheetName","value":"pythonCode"},{"name":"","value":""},{"name":"rowNumber","value":"1"}],"start":1688404061483,"stop":1688404064090}